0 info it worked if it ends with ok
1 verbose cli [ 'node', '/usr/local/bin/npm', 'start' ]
2 info using npm@1.2.18
3 info using node@v0.10.6
4 verbose read json /Users/abg/Dropbox/code/yhack/YHack/package.json
5 verbose run-script [ 'prestart', 'start', 'poststart' ]
6 info prestart Yhack@1.0.0
7 info start Yhack@1.0.0
8 verbose unsafe-perm in lifecycle true
9 silly exec sh "-c" "node app/app.js"
10 silly sh,-c,node app/app.js,/Users/abg/Dropbox/code/yhack/YHack spawning
11 info Yhack@1.0.0 Failed to exec start script
12 error Yhack@1.0.0 start: `node app/app.js`
12 error `sh "-c" "node app/app.js"` failed with 8
13 error Failed at the Yhack@1.0.0 start script.
13 error This is most likely a problem with the Yhack package,
13 error not with npm itself.
13 error Tell the author that this fails on your system:
13 error     node app/app.js
13 error You can get their info via:
13 error     npm owner ls Yhack
13 error There is likely additional logging output above.
14 error System Darwin 13.0.0
15 error command "node" "/usr/local/bin/npm" "start"
16 error cwd /Users/abg/Dropbox/code/yhack/YHack
17 error node -v v0.10.6
18 error npm -v 1.2.18
19 error code ELIFECYCLE
20 verbose exit [ 1, true ]
